Gyro:         198         226       -1000
Accel:       -1406        -109       16601
Gyro:        -743         105        -806
Accel:       -1491        -196       16950
Gyro:       -1989       -1450        -752
Accel:        -907          14       18327
Gyro:       -2465       -1278       -1170
Accel:        -702        -547       18774
Gyro:       -4362         -63       -2030
Accel:        -436       -1070       17480
Gyro:       -7524         -44       -3222
Accel:        -481       -1965       17623
Gyro:       -9298        -762       -3648
Accel:        -116       -3252       15545
Gyro:      -12002       -2349       -2985
Accel:       -1043       -3765       17957
Gyro:      -10411       -3807       -2520
Accel:         592       -4884       16878
Gyro:      -11898       -1319       -2974
Accel:         215       -6240       15668
Gyro:      -13749         181       -3112
Accel:         632       -7089       15055
Gyro:      -14808        -366       -2688
Accel:        1058       -8031       14072
Gyro:      -15202        -431       -3210
Accel:         283       -8369       15419
Gyro:      -11849        1749       -2147
Accel:        1413       -9051       13612
Gyro:      -10310        1921       -1399
Accel:        1002       -9468       12430
Gyro:      -10672         -12       -2729
Accel:        1347      -10117       11934
Gyro:       -8809         270       -2660
Accel:        1054      -10665       11419
Gyro:       -5183        -986       -1633
Accel:         265      -11250       12060
Gyro:         854       -1364          60
Accel:         808      -11278       12560
Gyro:        8847       -1135        1627
Accel:        -344      -11270       12465
Gyro:       13515       -2010        2729
Accel:         591      -11214       12461
Gyro:       16606         429        2989
Accel:        -485      -10492       14710
Gyro:       21805        1329        5194
Accel:        -727      -11226       13099
Gyro:       19728        1655        7456
Accel:       -1311       -6262       17310
Gyro:       20470        4819        5070
Accel:       -1735       -5378       17585
Gyro:       17328        9596        3994
Accel:       -1748       -3355       16081
Gyro:       11785       12174        3617
Accel:       -3705        -747       18451
Gyro:       12303       11030        2693
Accel:       -3951        -413       15797
Gyro:        6885       10279         449
Accel:       -4826        1158       16618
Gyro:        3052       10562       -1660
Accel:       -7063         806       15940
Gyro:        1065       12495        -533
Accel:       -7711         709       14907
Gyro:        -938       11994        -283
Accel:       -8825         976       14495
Gyro:       -2805        9311       -1391
Accel:       -9309         464       15289
Gyro:       -2226        7986       -1486
Accel:      -11029        -401       14208
Gyro:       -2464        7869         328
Accel:      -10352         139       14482
Gyro:       -2924        7874       -1398
Accel:      -10457        -295       11434
Gyro:       -7142        7675       -3280
Accel:      -11132        -499       12177
Gyro:       -9438        7385       -5410
Accel:      -12352       -2357       12165
Gyro:       -9770        4768       -4955
Accel:      -12264       -3588       10119
Gyro:      -10810       -1428       -4833
Accel:      -11583       -4780       10417
Gyro:       -9144      -10216       -5380
Accel:      -11774       -5567       12264
Gyro:       -4946      -21267       -5402
Accel:      -10403       -5634       13625
Gyro:       -2577      -26703       -3303
Accel:       -7039       -5694       12312
Gyro:       -3355      -26987       -1558
Accel:       -5216       -4329       14062
Gyro:         116      -29083       -3490
Accel:       -4755       -6652       14292
Gyro:        6536      -28112       -1586
Accel:       -3109       -6281       14949
Gyro:        7755      -24744         442
Accel:        1363       -4918       13755
Gyro:        7956      -22773        -953
Accel:        3458       -6025       15351
Gyro:        8826      -21034       -1457
Accel:        3983       -6167       16572
Gyro:        9646      -15465        -122
Accel:        5592       -4800       17128
Gyro:       12508      -10466         794
Accel:        7346       -4197       17812
Gyro:       15794       -6629        1046
Accel:        6509       -3191       16692
Gyro:       17650         281        1879
Accel:        8929       -1393       16718
Gyro:       20973        7928        1251
Accel:        8618        -227       16212
Gyro:       20807       13416       -1051
Accel:        6874        2022       17206
Gyro:       22034       19044       -1257
Accel:        6970        2639       17732
Gyro:       24165       22629       -4041
Accel:        6145        5326       13084
Gyro:       16778       21525       -7101
Accel:        -934        8108       11729
Gyro:       11393       14828       -2046
Accel:       -2300       10195       10295
Gyro:        6469        6076        -576
Accel:       -2654       11731        8131
Gyro:       -1661         526        -641
Accel:       -2196       11885       10687
Gyro:       -5890       -2184        -443
Accel:       -1254       11088       11243
Gyro:       -9951       -4893       -2008
Accel:        -669       10741       13061
Gyro:      -14979       -6215       -4260
Accel:        -256        7995       14870
Gyro:      -16810       -5782       -6281
Accel:         809        7793       12645
Gyro:      -22201       -7192      -10996
Accel:        1101        2878       16813
Gyro:      -23575       -6002       -8837
Accel:       -1716       -1167       21314
Gyro:      -10947       -2215       -1583
Accel:       -1654       -2224       20700
Gyro:       -1657        -450        1650
Accel:          11       -1157       20885
Gyro:        5011        1702        2950
Accel:       -1192         361       18847
Gyro:        8896        -369        4875
Accel:         242        3077       17493
Gyro:        9202        -880        4132
Accel:        -475        4514       15287
Gyro:        5149         651        3183
Accel:         646        7251       13745
Gyro:       -4046        4454        -244
Accel:        1504        8128       13279
Gyro:      -15374        7943       -7631
Accel:        1187        5698       11146
Gyro:      -27599       11532      -18452
Accel:         -52        -347       10963
Gyro:      -32582       16368      -24035
Accel:         293       -6357       12197
Gyro:      -32764       17591      -26609
Accel:       -1201      -12494       10471
Gyro:      -29929       18345      -29111
Accel:       -3723      -14420       15643
Gyro:      -16903       20350      -22952
Accel:       -4518      -15352       12776
Gyro:       -8862       15355      -14808
Accel:       -5484      -16981        8340
Gyro:       -3885        7619       -9528
Accel:       -8602      -17380        9670
Gyro:        3532          79         827
Accel:      -11237      -17827       10990
Gyro:       10112       -7674       14593
Accel:      -10265      -18358       11884
Gyro:       16437      -15404       25312
Accel:       -9338      -18253       11300
Gyro:       21805      -19453       32358
Accel:       -7744      -15700       12264
Gyro:       20302      -20387       32764
Accel:       -2913      -12477       11970
Gyro:       13000      -19286       32764
Accel:        -993       -4540       13132
Gyro:        8671      -18248       32560
Accel:        -847       -2724       12419
Gyro:        5170      -12304       28089
Accel:        1396        2296       14070
Gyro:        4242       -9005       19260
Accel:        -694        2601       15454
Gyro:        2669       -6946       14093
Accel:        2687        4728       15568
Gyro:         234       -4003        2271
Accel:        2717        6234       14237
Gyro:       -6033        -725      -20811
Accel:        2558        -659       16958
Gyro:       -6890        4826      -32423
Accel:        2489       -3602       18170
Gyro:       -4564        7035      -32764
Accel:        1344       -5714       14605
Gyro:       -6830        5216      -32764
Accel:       -2862       -4822       17217
Gyro:       -4181        4481      -30605
Accel:       -8412       -6709       15719
Gyro:       -4756        6243      -16782
Accel:       -4532       -5164       18079
Gyro:       -4048        7964       -8837
Accel:       -6982       -6050       16523
Gyro:        1484         204        4168
Accel:       -8762       -6384       17051
Gyro:        5510       -7531       22748
Accel:       -6524       -7275       19217
Gyro:        7158       -8663       32343
Accel:       -1438       -8964       18008
Gyro:        8698       -5298       32764
Accel:        4080       -3764       18903
Gyro:        8960       -2336       30862
Accel:        1633        2411       14347
Gyro:          47       -3068       16473
Accel:       -2313        2909       17781
Gyro:        2811          41       11385
Accel:       -1833        2287       16093
Gyro:        6230         940        8878
Accel:       -2662        4080       17938
Gyro:        8198        2269        2367
Accel:       -3146        2919       19395
Gyro:       14878        7036       -2027
Accel:       -1214        2507       18067
Gyro:       24287       13089       -8558
Accel:        -222        3489       13323
Gyro:       22628       17321      -21743
Accel:       -3116        5811       15106
Gyro:       17845       23115      -28255
Accel:       -5259        4673        8823
Gyro:       10017       27744      -28373
Accel:      -10857        4939        3114
Gyro:        2203       19978      -24556
Accel:      -16674        3608        3157
Gyro:       -3544        8312      -18064
Accel:      -19265        3966        4929
Gyro:       -6801         821      -11823
Accel:      -22201        4630        3195
Gyro:      -10816       -6861       -6398
Accel:      -19173        4454        6004
Gyro:       -7924      -22026         148
Accel:       -9296         -55        4802
Gyro:       -5053      -32566        4393
Accel:       -6410       -4219        7776
Gyro:       -8868      -32721        7584
Accel:       -1776       -1351       20184
Gyro:        -809      -28532        4802
Accel:       -1400       -3293       14328
Gyro:        1531      -14323        5389
Accel:        1934        1033       13410
Gyro:       -3514       -9014         504
Accel:         -84        -543       16285
Gyro:       -3931       -5076        -248
Accel:         569       -2089       16059
Gyro:       -2336       -2592        1611
Accel:          88         168       18209
Gyro:       -3426       -1532       -2524
Accel:       -3144        -431       23864
Gyro:       -1240        1220       -1054
Accel:       -2492        -453       26645
Gyro:        1391        1012        1228
Accel:       -1587        -235       27759
Gyro:        1111         334        -755
Accel:       -2431        -635       27283
Gyro:        2373       -1205        -418
Accel:       -2647        -807       24683
Gyro:        3244       -1728         800
Accel:        -858        -266       21576
Gyro:        3002       -1114       -1295
Accel:       -1053       -2296       18286
Gyro:        3068       -1701        -137
Accel:        -999       -1326       15669
Gyro:        3393       -2654        1201
Accel:         425        -969       11700
Gyro:        2406        -594         -13
Accel:        -495       -1663        7888
Gyro:         637        1914        -306
Accel:        -810       -1612        3151
Gyro:        2539        3500        1260
Accel:         375       -1052       -1414
Gyro:        5488        3525         487
Accel:         249       -1326       -3715
Gyro:        4515        3224        -904
Accel:         199       -1282       -3115
Gyro:        1665        4330        -625
Accel:        1445       -1273       -1262
Gyro:         974        4076       -3097
Accel:          48       -2864        4706
Gyro:         206        -272       -6834
Accel:       -5715       -3895       15220
Gyro:       -5720       -6991        -900
Accel:       -2110         166       30490
Gyro:       -9065       -8642       -1467
Accel:       -3070         237       32764
Gyro:       -9294       -5591          26
Accel:       -3231        2138       32764
Gyro:       -6511       -4751        1967
Accel:         397        2089       32764
Gyro:       -6780       -4318       -1580
Accel:       -1238        1687       30706
Gyro:       -4350       -1507       -2109
Accel:       -1161        -595       22759
Gyro:        -940         124          81
Accel:         -91       -1807       18429
Gyro:         338        2875         -89
Accel:         297       -2172       17419
Gyro:         768        5392       -1222
Accel:       -1222       -2485       17367
Gyro:        1269        6636         156
Accel:       -1198       -1479       16077
Gyro:         355        5862       -1282
Accel:        -929       -2771       13941
Gyro:       -1773        4432       -3403
Accel:       -3188       -3889       12564
Gyro:       -2898        2374       -1201
Accel:       -2496       -2435       14057
Gyro:        -648         592         741
Accel:       -2088       -2902       15194
Gyro:         511         486        1507
Accel:       -3087       -2507       16378
Gyro:       -1727         866        1281
Accel:       -2593       -2387       17813
Gyro:       -4757        1743       -1646
Accel:       -3108       -3807       17740
Gyro:       -5739        3138       -1712
Accel:       -4561       -4492       18116
Gyro:       -6185        4113         980
Accel:       -4720       -4422       17411
Gyro:       -6874        4433        1672
Accel:       -5108       -4742       17437
Gyro:       -6455        4215        2078
Accel:       -5201       -5117       16617
Gyro:       -6439        3732        2889
Accel:       -4624       -5765       14988
Gyro:       -6999        3503        2319
Accel:       -5606       -6731       14339
Gyro:       -8534        3427        2701
Accel:       -6645       -6393       14188
Gyro:      -10203        3514        2891
Accel:       -5353       -6605       13183
Gyro:       -9567        2609         793
Accel:       -6991       -8418       12588
Gyro:       -7467         497        1195
Accel:       -7879       -8776       12953
Gyro:       -4198        -533        1540
Accel:       -7680       -8814       12743
Gyro:         -40       -1263         416
Accel:       -8247       -9538       12216
Gyro:        2537       -2069        1361
Accel:       -7271       -8231       12693
Gyro:        3676       -2327        1404
Accel:       -7198       -8540       11968
Gyro:        3941       -2419         584
Accel:       -7099       -8397       11663
Gyro:        3692       -2384        1471
Accel:       -6114       -6993       11965
Gyro:        3781       -2483         713
Accel:       -6128       -7240       11101
Gyro:        4247       -3108        1185
Accel:       -5924       -6646       10702
Gyro:        4941       -4000        2516
Accel:       -4778       -5295       10062
Gyro:        6381       -3927        1402
Accel:       -3659       -4813        9162
Gyro:        9346       -3523         228
Accel:       -3539       -4602        7937
Gyro:       10892       -4258        1460
Accel:       -3056       -3274        6558
Gyro:       10673       -2396        1315
Accel:        -700        -929        5194
Gyro:       14753         549       -1189
Accel:       -1690        -709        4379
Gyro:       18253        -252       -1331
Accel:       -1252        -403        4202
Gyro:       15684       -3543         221
Accel:       -2693        2077        9844
Gyro:       11880       -6677       -2449
Accel:       -2406       -1263       18762
Gyro:        8298       -5824       -4816
Accel:       -8648        3250       29724
Gyro:        2787       -4370         207
Accel:       -4406        9112       29285
Gyro:        -909       -1672       -5227
Accel:       -7566        6825       25087
Gyro:       -4744        -629       -5162
Accel:       -8054        4588       23463
Gyro:       -8537       -2212        -185
Accel:       -4880        2737       23167
Gyro:      -10830       -3819        -612
Accel:       -4545       -1323       22884
Gyro:      -10811       -4834       -3741
Accel:       -3639       -1890       22262
Gyro:       -6163       -3460       -4024
Accel:       -3596       -2818       21021
Gyro:       -2219       -2168       -2421
Accel:       -3057       -3454       17937
Gyro:       -1619       -1746        -557
Accel:       -2387       -2824       16760
Gyro:       -1321          22          65
Accel:       -1522       -1949       16942
Gyro:         -16         690        -877
Accel:       -3307       -3259       16558
Gyro:         478        -525         451
Accel:       -2118       -2732       17728
Gyro:        -455       -1375         640
Accel:       -2953       -3272       18457
Gyro:       -1154       -1007       -2101
Accel:       -2543       -1974       18903
Gyro:        1800         286       -2610
Accel:       -2419       -2096       18236
Gyro:        2085         963       -2922
Accel:       -2421       -1726       17606
Gyro:        2409         442       -3675
Accel:       -2457       -1748       18344
Gyro:         761       -1856       -3275
Accel:       -2829       -1368       18615
Gyro:       -1688       -2661       -1407
Accel:       -2732       -2124       18399
Gyro:       -3485       -2355       -1257
Accel:       -1384       -2104       18697
Gyro:       -5414       -2012       -2274
Accel:       -2518       -2523       17609
Gyro:       -2811       -2049       -2197
Accel:       -2046       -3738       16943
Gyro:         817       -2219       -2360
Accel:       -1061       -3784       17398
Gyro:        2947       -2387       -2327
Accel:        -157       -2200       18650
Gyro:        1902       -1971       -1324
Accel:       -1450       -3563       16989
Gyro:        2586        -889         319
Accel:        -605       -3474       17148
Gyro:        3822        1470        1443
Accel:         337       -1895       17506
Gyro:        3704        3201        2089
Accel:       -1427       -2585       16269
Gyro:        3973        3576        2853
Accel:       -1393       -1994       16729
Gyro:        4180        2738        2913
Accel:       -1534       -1510       16228
Gyro:        5740         239        1992
Accel:       -1787       -1033       12653
Gyro:        9813       -3104         423
Accel:        -966       -1051        7842
Gyro:       11915       -5819         667
Accel:        -741        -237        4067
Gyro:        9157       -7954        1639
Accel:        -631        -260         535
Gyro:        9830       -9341        2095
Accel:         140         241       -1467
Gyro:        3831       -6557        1834
Accel:        1269         957        1969
Gyro:         989       -1969         684
Accel:        1812         686       11993
Gyro:       -1259       -1457           8
Accel:        1372        2878       20517
Gyro:       -4993       -2534        -257
Accel:        2116        2546       25640
Gyro:        7170       -3145        -508
Accel:        2275        9672       23067
Gyro:       -3234       -2403       -3364
Accel:        2964       11588       29217
Gyro:      -12445       -1093       -7292
Accel:       -1440        3032       28305
Gyro:       -4668        2295       -9587
Accel:        -640        2925       24862
Gyro:         -33        5593      -10743
Accel:         673        6237       20777
Gyro:       -3300        3502      -10663
Accel:        2124        6011       17061
Gyro:         535        -821       -9901
Accel:         897        2319       16186
Gyro:        1500       -4135       -8625
Accel:        -622        2744       14468
Gyro:       -2669       -5732       -6778
Accel:        1107        2008       15114
Gyro:       -6017       -6683       -4939
Accel:        1634        2413       18537
Gyro:       -9521       -7501       -3298
Accel:        1677       -2348       17329
Gyro:       -5756       -6901       -2450
Accel:        3075       -1446       17877
Gyro:       -2391       -4593       -1618
Accel:        2339        -511       17627
Gyro:        -940       -3080        -473
Accel:        3461       -2239       17593
Gyro:       -3333       -3422        -185
Accel:        4246         391       17696
Gyro:       -5841       -4716         -39
Accel:        5851       -2226       14983
Gyro:       -2410       -1062        -113
Accel:        5707       -2612       18421
Gyro:        2512        3469        2561
Accel:        2978       -3084       18053
Gyro:        1275        3633        5702
Accel:        1612       -2106       15588
Gyro:        4298        2308        6681
Accel:        2457       -1534       12374
Gyro:        6413       -1039        7851
Accel:        2086       -3525       15781
Gyro:        1233       -4988        7399
Accel:        3546       -1336       18189
Gyro:       13998        3342        6929
Accel:        3956         872       14499
Gyro:        5609        3348        7490
Accel:        3178        1571       16379
Gyro:        -529       -1873        8141
Accel:        3637         902       17520
Gyro:        2209        -639        3407
Accel:        3298        2159       16591
Gyro:        1424        -710          37
Accel:        3196        1219       17268
Gyro:        -368        -466        -192
Accel:        2534        1044       16839
Gyro:        -580       -1128         -25
Accel:        3230         905       17174
Gyro:       -1945         113         112
Accel:        2755         565       16678
Gyro:       -1727        -602          65
Accel:        2896         290       17443
Gyro:         300        -405          -3
Accel:        2872         302       16802
Gyro:        -323        -268         -75
Accel:        2792         469       17039
Gyro:         935        -634        -103
Accel:        2948         540       16927
Gyro:         -55        -185         -73
Accel:        2699         634       16867
Gyro:        -292        -577         -11
Accel:        3047         441       17064
Gyro:          33        -262         -54
Accel:        2727         464       16925
Gyro:         -12        -470         -47
Accel:        2914         427       17034
Gyro:         123        -402         -64
Accel:        2927         497       16974
Gyro:         280        -368         -77
Accel:        2720         549       16921
Gyro:        -129        -448         -35
Accel:        2965         448       16971
Gyro:        -160        -360         -44
Accel:        2864         464       17032
Gyro:         288        -417         -65
Accel:        2799         443       16942
Gyro:         -73        -397         -49
Accel:        2900         474       16999
Gyro:         141        -400         -61
Accel:        2896         488       16951
Gyro:         116        -412         -57
Accel:        2775         474       16972
Gyro:        -117        -386         -40
Accel:        2949         441       16987
Gyro:         102        -411         -63
Accel:        2851         465       16991
Gyro:         177        -401         -59
Accel:        2794         445       16937
Gyro:        -140        -396         -44
Accel:        2922         462       17028
Gyro:         240        -404         -68
Accel:        2862         464       16945
Gyro:          15        -407         -50
Accel:        2807         439       16988
Gyro:        -114        -382         -43
Accel:        2935         436       17002
Gyro:         271        -416         -70
Accel:        2826         462       16955
Gyro:          11        -392         -48
Accel:        2839         435       16962
Gyro:         -94        -395         -44
Accel:        2921         433       17025
Gyro:         289        -412         -72
Accel:        2816         461       16948
Gyro:         -39        -399         -45
Accel:        2859         421       16981
Gyro:         -67        -390         -48
Accel:        2909         431       17017
Gyro:         299        -409         -73
Accel:        2820         448       16942
Gyro:         -87        -387         -44
Accel:        2875         420       16999
Gyro:           1        -391         -50
Accel:        2893         420       17013
Gyro:         264        -412         -72
Accel:        2794         450       16954
Gyro:         -93        -390         -42
Accel:        2951         402       16972
Gyro:          -1        -390         -54
Accel:        2829         430       17054
Gyro:         396        -412         -75
Accel:        2815         478       16906
Gyro:        -206        -399         -33
Accel:        2934         416       17018
Gyro:         -15        -382         -50
Accel:        2856         388       16996
Gyro:         219        -416         -69
Accel:        2799         418       16986
Gyro:         -14        -390         -51
Accel:        2937         429       16982
Gyro:         176        -401         -69
Accel:        2817         471       16977
Gyro:         111        -404         -57
Accel:        2866         408       16945
Gyro:        -254        -384         -29
Accel:        2941         360       17031
Gyro:         260        -408         -72
Accel:        2787         425       17003
Gyro:         271        -404         -70
Accel:        2874         456       16919
Gyro:        -204        -389         -34
Accel:        2933         408       17027
Gyro:         145        -401         -60
Accel:        2797         416       17001
Gyro:         131        -405         -58
Accel:        2878         408       16954
Gyro:         -71        -390         -47
Accel:        2917         400       17004
Gyro:         241        -408         -70
Accel:        2779         451       16989
Gyro:          78        -400         -54
Accel:        2907         418       16959
Gyro:        -157        -391         -37
Accel:        2904         376       17022
Gyro:         239        -404         -65
Accel:        2788         414       16977
Gyro:         100        -397         -55
Accel:        2900         427       16973
Gyro:         -14        -393         -48
Accel:        2902         403       16996
Gyro:         115        -407         -59
Accel:        2781         410       16995
Gyro:          49        -395         -56
Accel:        2921         392       16969
Gyro:          32        -400         -56
Accel:        2889         401       17008
Gyro:         170        -403         -64
Accel:        2786         426       16981
Gyro:          27        -393         -53
Accel:        2908         416       16989
Gyro:          58        -399         -56
Accel:        2905         401       16973
Gyro:          48        -398         -54
Accel:        2788         392       17007
Gyro:          70        -391         -59
Accel:        2905         414       16992
Gyro:         174        -401         -63
Accel:        2886         433       16958
Gyro:         -21        -392         -47
Accel:        2798         386       17005
Gyro:          -6        -394         -53
Accel:        2931         378       16997
Gyro:         192        -406         -66
Accel:        2865         415       16976
Gyro:          77        -396         -55
Accel:        2805         415       16984
Gyro:           3        -397         -53
Accel:        2922         414       16988
